INFO 2020-10-27 16:46:15,069 autoreload 613 Watching for file changes with StatReloader
INFO 2020-10-27 16:46:15,186 views 10 程序启动完成，日志已成功激活。
INFO 2020-10-27 16:53:56,621 autoreload 613 Watching for file changes with StatReloader
INFO 2020-10-27 16:53:56,705 views 10 程序启动完成，日志已成功激活。
INFO 2020-10-27 16:54:04,095 basehttp 157 "GET /login/ HTTP/1.1" 200 5804
INFO 2020-10-27 16:54:04,117 basehttp 157 "GET /statics/css/style.css HTTP/1.1" 304 0
INFO 2020-10-27 16:54:48,673 autoreload 613 Watching for file changes with StatReloader
INFO 2020-10-27 16:54:48,789 views 10 程序启动完成，日志已成功激活。
INFO 2020-10-27 17:03:45,755 autoreload 613 Watching for file changes with StatReloader
INFO 2020-10-27 17:03:45,848 views 10 程序启动完成，日志已成功激活。
INFO 2020-10-27 17:03:50,924 basehttp 157 "GET /login/ HTTP/1.1" 200 5804
INFO 2020-10-27 17:03:50,947 basehttp 157 "GET /statics/css/style.css HTTP/1.1" 304 0
INFO 2020-10-27 17:03:50,947 basehttp 157 "GET /statics/img/eye_close.png HTTP/1.1" 304 0
INFO 2020-10-27 17:03:50,949 basehttp 157 "GET /statics/img/msg.png HTTP/1.1" 304 0
INFO 2020-10-27 17:04:32,671 basehttp 157 "GET /login/ HTTP/1.1" 200 5804
INFO 2020-10-27 17:04:33,394 basehttp 157 "GET /login/ HTTP/1.1" 200 5804
INFO 2020-10-27 17:04:33,962 basehttp 157 "GET /login/ HTTP/1.1" 200 5804
INFO 2020-10-27 17:04:34,483 basehttp 157 "GET /login/ HTTP/1.1" 200 5804
INFO 2020-10-27 17:04:34,960 basehttp 157 "GET /login/ HTTP/1.1" 200 5804
INFO 2020-10-27 17:04:35,147 basehttp 157 "GET /login/ HTTP/1.1" 200 5804
INFO 2020-10-27 17:04:35,304 basehttp 157 "GET /login/ HTTP/1.1" 200 5804
INFO 2020-10-27 17:04:35,453 basehttp 157 "GET /login/ HTTP/1.1" 200 5804
INFO 2020-10-27 17:20:40,615 autoreload 613 Watching for file changes with StatReloader
INFO 2020-10-27 17:20:40,695 views 10 程序启动完成，日志已成功激活。
INFO 2020-10-27 17:20:46,997 basehttp 157 "GET /login/ HTTP/1.1" 200 5804
INFO 2020-10-27 17:20:47,033 basehttp 157 "GET /statics/css/style.css HTTP/1.1" 304 0
INFO 2020-10-27 17:20:47,041 basehttp 157 "GET /statics/img/msg.png HTTP/1.1" 304 0
INFO 2020-10-27 17:20:47,041 basehttp 157 "GET /statics/img/eye_close.png HTTP/1.1" 304 0
INFO 2020-10-27 17:23:02,107 autoreload 613 Watching for file changes with StatReloader
INFO 2020-10-27 17:23:02,188 views 10 程序启动完成，日志已成功激活。
INFO 2020-10-27 17:24:00,164 basehttp 157 "GET /login/ HTTP/1.1" 200 5804
INFO 2020-10-27 18:29:56,808 autoreload 613 Watching for file changes with StatReloader
INFO 2020-10-27 18:29:56,897 views 10 程序启动完成，日志已成功激活。
INFO 2020-10-27 18:30:36,409 basehttp 157 "GET /login/ HTTP/1.1" 200 5804
INFO 2020-10-27 18:30:36,443 basehttp 157 "GET /statics/css/style.css HTTP/1.1" 304 0
INFO 2020-10-27 18:30:36,451 basehttp 157 "GET /statics/img/eye_close.png HTTP/1.1" 304 0
INFO 2020-10-27 18:30:36,452 basehttp 157 "GET /statics/img/msg.png HTTP/1.1" 304 0
INFO 2020-10-27 18:30:45,689 basehttp 157 "GET /logout/ HTTP/1.1" 302 0
INFO 2020-10-27 18:30:45,695 basehttp 157 "GET /login/ HTTP/1.1" 200 5804
INFO 2020-10-27 18:30:45,742 basehttp 157 "GET /statics/img/msg.png HTTP/1.1" 304 0
INFO 2020-10-27 18:30:45,743 basehttp 157 "GET /statics/img/eye_close.png HTTP/1.1" 304 0
INFO 2020-10-27 18:30:50,907 basehttp 157 "GET /statics/img/eye_open.png HTTP/1.1" 304 0
INFO 2020-10-27 18:31:02,785 request_helper 54 招商云短信验证触发成功，已向用户发送短信验证码。
INFO 2020-10-27 18:31:02,787 basehttp 157 "POST /login_in/ HTTP/1.1" 200 1
INFO 2020-10-27 18:31:10,629 request_helper 72 招商云登录成功，已获取到登录成功后的token。
INFO 2020-10-27 18:31:10,823 request_helper 79 招商云登录成功，登录后的cookie已组装完成。
INFO 2020-10-27 18:31:10,830 basehttp 157 "POST /login/ HTTP/1.1" 302 0
INFO 2020-10-27 18:31:11,116 request_helper 97 招商云主机列表信息抓取完成，总数：897
INFO 2020-10-27 18:31:13,363 basehttp 157 "GET /index/ HTTP/1.1" 200 15430
INFO 2020-10-27 18:31:45,178 basehttp 157 "POST /index/data-update-way/ HTTP/1.1" 200 1
INFO 2020-10-27 18:31:46,662 request_helper 97 招商云主机列表信息抓取完成，总数：897
INFO 2020-10-27 18:31:53,558 basehttp 157 "POST /index/ HTTP/1.1" 200 15430
INFO 2020-10-27 18:32:10,232 basehttp 157 "POST /index/data-update-way/ HTTP/1.1" 200 1
INFO 2020-10-27 18:32:11,413 request_helper 97 招商云主机列表信息抓取完成，总数：897
INFO 2020-10-27 18:32:15,664 basehttp 157 "POST /index/ HTTP/1.1" 200 15430
INFO 2020-10-27 18:46:28,486 basehttp 157 "POST /index/data-update-way/ HTTP/1.1" 200 1
INFO 2020-10-27 18:46:30,050 request_helper 97 招商云主机列表信息抓取完成，总数：897
INFO 2020-10-27 18:47:18,910 basehttp 157 "POST /index/ HTTP/1.1" 200 15430
INFO 2020-10-27 18:48:00,269 basehttp 157 "POST /index/data-update-way/ HTTP/1.1" 200 1
INFO 2020-10-27 18:48:01,310 request_helper 97 招商云主机列表信息抓取完成，总数：897
INFO 2020-10-27 18:48:07,390 basehttp 157 "POST /index/ HTTP/1.1" 200 15430
INFO 2020-10-27 22:00:08,930 autoreload 613 Watching for file changes with StatReloader
INFO 2020-10-27 22:00:09,039 views 10 程序启动完成，日志已成功激活。
INFO 2020-10-27 22:00:17,485 basehttp 157 "GET /login/ HTTP/1.1" 200 5804
INFO 2020-10-27 22:00:17,518 basehttp 157 "GET /statics/css/style.css HTTP/1.1" 304 0
INFO 2020-10-27 22:00:17,519 basehttp 157 "GET /statics/js/jquery.min.js HTTP/1.1" 304 0
INFO 2020-10-27 22:00:17,521 basehttp 157 "GET /statics/img/msg.png HTTP/1.1" 304 0
INFO 2020-10-27 22:00:17,524 basehttp 157 "GET /statics/img/eye_close.png HTTP/1.1" 304 0
WARNING 2020-10-27 22:00:17,647 log 224 Not Found: /favicon.ico
WARNING 2020-10-27 22:00:17,647 basehttp 157 "GET /favicon.ico HTTP/1.1" 404 2914
INFO 2020-10-27 22:00:29,569 basehttp 157 "GET /statics/img/eye_open.png HTTP/1.1" 304 0
ERROR 2020-10-27 22:00:40,226 request_helper 45 请求user_id异常，疑似招商云请求接口有变动：domain 非法值： 0, 参数长度必须大于 0
INFO 2020-10-27 22:00:40,229 basehttp 157 "POST /login_in/ HTTP/1.1" 200 49
INFO 2020-10-27 22:01:19,612 autoreload 236 /Users/sivan/PycharmProjects/jumpServerHelper/jumpServerSync/request_helper.py changed, reloading.
INFO 2020-10-27 22:01:20,057 autoreload 613 Watching for file changes with StatReloader
INFO 2020-10-27 22:01:20,163 views 10 程序启动完成，日志已成功激活。
INFO 2020-10-27 22:01:50,005 request_helper 54 招商云短信验证触发成功，已向用户发送短信验证码。
INFO 2020-10-27 22:01:50,006 basehttp 157 "POST /login_in/ HTTP/1.1" 200 1
INFO 2020-10-27 22:02:08,641 request_helper 72 招商云登录成功，已获取到登录成功后的token。
INFO 2020-10-27 22:02:08,825 request_helper 79 招商云登录成功，登录后的cookie已组装完成。
INFO 2020-10-27 22:02:08,838 basehttp 157 "POST /login/ HTTP/1.1" 302 0
INFO 2020-10-27 22:02:09,086 request_helper 97 招商云主机列表信息抓取完成，总数：897
INFO 2020-10-27 22:02:10,843 basehttp 157 "GET /index/ HTTP/1.1" 200 15430
INFO 2020-10-27 22:03:11,400 basehttp 157 "POST /index/data-update-way/ HTTP/1.1" 200 1
INFO 2020-10-27 22:03:12,885 request_helper 97 招商云主机列表信息抓取完成，总数：897
INFO 2020-10-27 22:07:03,844 basehttp 157 "POST /index/ HTTP/1.1" 200 15430
INFO 2020-10-27 22:07:59,987 basehttp 157 "POST /index/data-update-way/ HTTP/1.1" 200 1
INFO 2020-10-27 22:08:01,644 request_helper 97 招商云主机列表信息抓取完成，总数：897
ERROR 2020-10-27 22:08:09,356 log 224 Internal Server Error: /index/
Traceback (most recent call last):
  File "/Users/sivan/PycharmProjects/jumpServerHelper/venv/lib/python3.9/site-packages/django/core/handlers/exception.py", line 47, in inner
    response = get_response(request)
  File "/Users/sivan/PycharmProjects/jumpServerHelper/venv/lib/python3.9/site-packages/django/core/handlers/base.py", line 179, in _get_response
    response = wrapped_callback(request, *callback_args, **callback_kwargs)
  File "/Users/sivan/PycharmProjects/jumpServerHelper/jumpServerSync/views.py", line 79, in index
    jump_dict_node = request_helper.jump_node_host_info(is_test, node_list)
  File "/Users/sivan/PycharmProjects/jumpServerHelper/jumpServerSync/request_helper.py", line 210, in jump_node_host_info
    node_key = jump_add_node(is_test, data)
  File "/Users/sivan/PycharmProjects/jumpServerHelper/jumpServerSync/request_helper.py", line 190, in jump_add_node
    return id[0]
IndexError: list index out of range
ERROR 2020-10-27 22:08:09,357 basehttp 157 "POST /index/ HTTP/1.1" 500 109553
INFO 2020-10-27 22:15:43,454 autoreload 236 /Users/sivan/PycharmProjects/jumpServerHelper/jumpServerSync/request_helper.py changed, reloading.
INFO 2020-10-27 22:15:43,834 autoreload 613 Watching for file changes with StatReloader
INFO 2020-10-27 22:15:43,930 views 10 程序启动完成，日志已成功激活。
INFO 2020-10-27 22:16:06,513 autoreload 236 /Users/sivan/PycharmProjects/jumpServerHelper/jumpServerSync/request_helper.py changed, reloading.
INFO 2020-10-27 22:16:06,894 autoreload 613 Watching for file changes with StatReloader
INFO 2020-10-27 22:16:06,986 views 10 程序启动完成，日志已成功激活。
INFO 2020-10-27 22:17:27,570 autoreload 236 /Users/sivan/PycharmProjects/jumpServerHelper/jumpServerSync/request_helper.py changed, reloading.
INFO 2020-10-27 22:17:27,953 autoreload 613 Watching for file changes with StatReloader
INFO 2020-10-27 22:17:28,042 views 10 程序启动完成，日志已成功激活。
INFO 2020-10-27 22:19:27,373 autoreload 236 /Users/sivan/PycharmProjects/jumpServerHelper/jumpServerSync/request_helper.py changed, reloading.
INFO 2020-10-27 22:19:27,744 autoreload 613 Watching for file changes with StatReloader
INFO 2020-10-27 22:19:27,830 views 10 程序启动完成，日志已成功激活。
INFO 2020-10-27 22:19:31,564 autoreload 613 Watching for file changes with StatReloader
INFO 2020-10-27 22:19:31,711 views 10 程序启动完成，日志已成功激活。
INFO 2020-10-27 22:19:39,549 request_helper 97 招商云主机列表信息抓取完成，总数：897
INFO 2020-10-27 22:19:41,438 basehttp 157 "GET /index/ HTTP/1.1" 200 15430
INFO 2020-10-27 22:20:31,159 basehttp 157 "POST /index/data-update-way/ HTTP/1.1" 200 1
INFO 2020-10-27 22:20:33,235 request_helper 97 招商云主机列表信息抓取完成，总数：897
INFO 2020-10-27 22:25:55,168 basehttp 157 "POST /index/ HTTP/1.1" 200 15430
INFO 2020-10-27 22:28:56,454 autoreload 236 /Users/sivan/PycharmProjects/jumpServerHelper/jumpServerSync/request_helper.py changed, reloading.
INFO 2020-10-27 22:28:56,814 autoreload 613 Watching for file changes with StatReloader
INFO 2020-10-27 22:28:56,920 views 10 程序启动完成，日志已成功激活。
INFO 2020-10-27 22:29:26,586 autoreload 236 /Users/sivan/PycharmProjects/jumpServerHelper/jumpServerSync/request_helper.py changed, reloading.
INFO 2020-10-27 22:29:26,942 autoreload 613 Watching for file changes with StatReloader
INFO 2020-10-27 22:29:27,028 views 10 程序启动完成，日志已成功激活。
INFO 2020-10-27 22:30:52,404 request_helper 97 招商云主机列表信息抓取完成，总数：897
INFO 2020-10-27 22:31:02,397 request_helper 97 招商云主机列表信息抓取完成，总数：897
INFO 2020-10-27 22:31:05,922 basehttp 157 "GET /index/ HTTP/1.1" 200 15430
INFO 2020-10-27 22:32:21,956 basehttp 157 "POST /index/data-update-way/ HTTP/1.1" 200 1
INFO 2020-10-27 22:32:25,267 request_helper 97 招商云主机列表信息抓取完成，总数：897
ERROR 2020-10-27 22:35:51,718 log 224 Internal Server Error: /index/
Traceback (most recent call last):
  File "/Users/sivan/PycharmProjects/jumpServerHelper/venv/lib/python3.9/site-packages/urllib3/connectionpool.py", line 670, in urlopen
    httplib_response = self._make_request(
  File "/Users/sivan/PycharmProjects/jumpServerHelper/venv/lib/python3.9/site-packages/urllib3/connectionpool.py", line 381, in _make_request
    self._validate_conn(conn)
  File "/Users/sivan/PycharmProjects/jumpServerHelper/venv/lib/python3.9/site-packages/urllib3/connectionpool.py", line 978, in _validate_conn
    conn.connect()
  File "/Users/sivan/PycharmProjects/jumpServerHelper/venv/lib/python3.9/site-packages/urllib3/connection.py", line 362, in connect
    self.sock = ssl_wrap_socket(
  File "/Users/sivan/PycharmProjects/jumpServerHelper/venv/lib/python3.9/site-packages/urllib3/util/ssl_.py", line 386, in ssl_wrap_socket
    return context.wrap_socket(sock, server_hostname=server_hostname)
  File "/Library/Frameworks/Python.framework/Versions/3.9/lib/python3.9/ssl.py", line 500, in wrap_socket
    return self.sslsocket_class._create(
  File "/Library/Frameworks/Python.framework/Versions/3.9/lib/python3.9/ssl.py", line 1040, in _create
    self.do_handshake()
  File "/Library/Frameworks/Python.framework/Versions/3.9/lib/python3.9/ssl.py", line 1309, in do_handshake
    self._sslobj.do_handshake()
ssl.SSLEOFError: EOF occurred in violation of protocol (_ssl.c:1122)

During handling of the above exception, another exception occurred:

Traceback (most recent call last):
  File "/Users/sivan/PycharmProjects/jumpServerHelper/venv/lib/python3.9/site-packages/requests/adapters.py", line 439, in send
    resp = conn.urlopen(
  File "/Users/sivan/PycharmProjects/jumpServerHelper/venv/lib/python3.9/site-packages/urllib3/connectionpool.py", line 726, in urlopen
    retries = retries.increment(
  File "/Users/sivan/PycharmProjects/jumpServerHelper/venv/lib/python3.9/site-packages/urllib3/util/retry.py", line 446, in increment
    raise MaxRetryError(_pool, url, error or ResponseError(cause))
urllib3.exceptions.MaxRetryError: HTTPSConnectionPool(host='jms.cmsk1979.com', port=443): Max retries exceeded with url: /api/v1/assets/assets/ (Caused by SSLError(SSLEOFError(8, 'EOF occurred in violation of protocol (_ssl.c:1122)')))

During handling of the above exception, another exception occurred:

Traceback (most recent call last):
  File "/Users/sivan/PycharmProjects/jumpServerHelper/venv/lib/python3.9/site-packages/django/core/handlers/exception.py", line 47, in inner
    response = get_response(request)
  File "/Users/sivan/PycharmProjects/jumpServerHelper/venv/lib/python3.9/site-packages/django/core/handlers/base.py", line 179, in _get_response
    response = wrapped_callback(request, *callback_args, **callback_kwargs)
  File "/Users/sivan/PycharmProjects/jumpServerHelper/jumpServerSync/views.py", line 86, in index
    request_helper.diff_comp(is_test, zsy_dict_node, jump_dict_node)
  File "/Users/sivan/PycharmProjects/jumpServerHelper/jumpServerSync/request_helper.py", line 277, in diff_comp
    jump_add_host(is_test, insert_data)
  File "/Users/sivan/PycharmProjects/jumpServerHelper/jumpServerSync/request_helper.py", line 166, in jump_add_host
    response = requests.post(url, headers=header_info, data=data)
  File "/Users/sivan/PycharmProjects/jumpServerHelper/venv/lib/python3.9/site-packages/requests/api.py", line 119, in post
    return request('post', url, data=data, json=json, **kwargs)
  File "/Users/sivan/PycharmProjects/jumpServerHelper/venv/lib/python3.9/site-packages/requests/api.py", line 61, in request
    return session.request(method=method, url=url, **kwargs)
  File "/Users/sivan/PycharmProjects/jumpServerHelper/venv/lib/python3.9/site-packages/requests/sessions.py", line 530, in request
    resp = self.send(prep, **send_kwargs)
  File "/Users/sivan/PycharmProjects/jumpServerHelper/venv/lib/python3.9/site-packages/requests/sessions.py", line 643, in send
    r = adapter.send(request, **kwargs)
  File "/Users/sivan/PycharmProjects/jumpServerHelper/venv/lib/python3.9/site-packages/requests/adapters.py", line 514, in send
    raise SSLError(e, request=request)
requests.exceptions.SSLError: HTTPSConnectionPool(host='jms.cmsk1979.com', port=443): Max retries exceeded with url: /api/v1/assets/assets/ (Caused by SSLError(SSLEOFError(8, 'EOF occurred in violation of protocol (_ssl.c:1122)')))
ERROR 2020-10-27 22:35:51,721 basehttp 157 "POST /index/ HTTP/1.1" 500 204123
INFO 2020-10-27 22:36:28,738 basehttp 157 "POST /index/ HTTP/1.1" 200 15430
INFO 2020-10-27 22:36:28,738 basehttp 71 - Broken pipe from ('127.0.0.1', 53713)

INFO 2020-10-27 22:42:09,318 autoreload 236 /Users/sivan/PycharmProjects/jumpServerHelper/jumpServerSync/request_helper.py changed, reloading.
INFO 2020-10-27 22:42:09,730 autoreload 613 Watching for file changes with StatReloader
INFO 2020-10-27 22:42:09,805 views 10 程序启动完成，日志已成功激活。
INFO 2020-10-27 22:43:12,217 autoreload 613 Watching for file changes with StatReloader
INFO 2020-10-27 22:43:12,303 views 10 程序启动完成，日志已成功激活。
INFO 2020-10-27 22:43:17,997 request_helper 97 招商云主机列表信息抓取完成，总数：897
INFO 2020-10-27 22:43:20,233 basehttp 157 "GET /index/ HTTP/1.1" 200 15430
INFO 2020-10-27 22:43:36,364 autoreload 613 Watching for file changes with StatReloader
INFO 2020-10-27 22:43:36,445 views 10 程序启动完成，日志已成功激活。
INFO 2020-10-27 22:43:41,983 request_helper 97 招商云主机列表信息抓取完成，总数：897
INFO 2020-10-27 22:43:43,912 basehttp 157 "GET /index/ HTTP/1.1" 200 15430
INFO 2020-10-27 22:44:26,163 basehttp 157 "POST /index/data-update-way/ HTTP/1.1" 200 1
INFO 2020-10-27 22:44:27,631 request_helper 97 招商云主机列表信息抓取完成，总数：897
INFO 2020-10-27 22:46:27,996 autoreload 613 Watching for file changes with StatReloader
INFO 2020-10-27 22:46:28,080 views 10 程序启动完成，日志已成功激活。
INFO 2020-10-27 22:46:33,464 request_helper 97 招商云主机列表信息抓取完成，总数：897
INFO 2020-10-27 22:46:35,326 basehttp 157 "GET /index/ HTTP/1.1" 200 15430
INFO 2020-10-27 22:47:18,439 basehttp 157 "POST /index/data-update-way/ HTTP/1.1" 200 1
INFO 2020-10-27 22:47:19,715 request_helper 97 招商云主机列表信息抓取完成，总数：897
INFO 2020-10-27 22:51:27,088 autoreload 613 Watching for file changes with StatReloader
INFO 2020-10-27 22:51:27,177 views 10 程序启动完成，日志已成功激活。
INFO 2020-10-27 22:51:32,661 request_helper 97 招商云主机列表信息抓取完成，总数：897
INFO 2020-10-27 22:51:34,513 basehttp 157 "GET /index/ HTTP/1.1" 200 15430
INFO 2020-10-27 22:51:42,859 basehttp 157 "POST /index/data-update-way/ HTTP/1.1" 200 1
INFO 2020-10-27 22:51:44,328 request_helper 97 招商云主机列表信息抓取完成，总数：897
INFO 2020-10-27 22:52:21,440 autoreload 236 /Users/sivan/PycharmProjects/jumpServerHelper/jumpServerSync/request_helper.py changed, reloading.
INFO 2020-10-27 22:52:37,556 autoreload 613 Watching for file changes with StatReloader
INFO 2020-10-27 22:52:37,644 views 10 程序启动完成，日志已成功激活。
INFO 2020-10-27 22:52:42,961 request_helper 97 招商云主机列表信息抓取完成，总数：897
INFO 2020-10-27 22:52:44,836 basehttp 157 "GET /index/ HTTP/1.1" 200 15430
INFO 2020-10-27 22:52:54,193 basehttp 157 "POST /index/data-update-way/ HTTP/1.1" 200 1
INFO 2020-10-27 22:52:55,800 request_helper 97 招商云主机列表信息抓取完成，总数：897
INFO 2020-10-27 22:56:00,817 autoreload 613 Watching for file changes with StatReloader
INFO 2020-10-27 22:56:00,901 views 10 程序启动完成，日志已成功激活。
INFO 2020-10-27 22:56:07,075 request_helper 97 招商云主机列表信息抓取完成，总数：897
INFO 2020-10-27 22:56:09,488 basehttp 157 "GET /index/ HTTP/1.1" 200 15430
INFO 2020-10-27 22:56:44,199 request_helper 97 招商云主机列表信息抓取完成，总数：897
INFO 2020-10-27 22:56:46,086 basehttp 157 "GET /index/ HTTP/1.1" 200 15430
INFO 2020-10-27 22:57:07,925 basehttp 157 "POST /index/data-update-way/ HTTP/1.1" 200 1
INFO 2020-10-27 22:57:09,174 request_helper 97 招商云主机列表信息抓取完成，总数：897
INFO 2020-10-27 22:58:46,644 autoreload 613 Watching for file changes with StatReloader
INFO 2020-10-27 22:58:46,726 views 10 程序启动完成，日志已成功激活。
INFO 2020-10-27 22:58:52,934 request_helper 97 招商云主机列表信息抓取完成，总数：897
INFO 2020-10-27 22:58:54,888 basehttp 157 "GET /index/ HTTP/1.1" 200 15430
INFO 2020-10-27 22:59:37,398 basehttp 157 "POST /index/data-update-way/ HTTP/1.1" 200 1
INFO 2020-10-27 22:59:39,309 request_helper 97 招商云主机列表信息抓取完成，总数：897
INFO 2020-10-27 23:00:33,301 autoreload 613 Watching for file changes with StatReloader
INFO 2020-10-27 23:00:33,381 views 10 程序启动完成，日志已成功激活。
INFO 2020-10-27 23:00:38,937 request_helper 97 招商云主机列表信息抓取完成，总数：897
INFO 2020-10-27 23:00:40,800 basehttp 157 "GET /index/ HTTP/1.1" 200 15430
INFO 2020-10-27 23:01:03,191 basehttp 157 "POST /index/data-update-way/ HTTP/1.1" 200 1
INFO 2020-10-27 23:01:04,584 request_helper 97 招商云主机列表信息抓取完成，总数：897
INFO 2020-10-27 23:05:11,222 autoreload 613 Watching for file changes with StatReloader
INFO 2020-10-27 23:05:11,307 views 10 程序启动完成，日志已成功激活。
INFO 2020-10-27 23:05:16,622 request_helper 97 招商云主机列表信息抓取完成，总数：897
INFO 2020-10-27 23:05:18,494 basehttp 157 "GET /index/ HTTP/1.1" 200 15430
INFO 2020-10-27 23:05:45,522 basehttp 157 "POST /index/data-update-way/ HTTP/1.1" 200 1
INFO 2020-10-27 23:05:47,135 request_helper 97 招商云主机列表信息抓取完成，总数：897
INFO 2020-10-27 23:09:05,901 autoreload 236 /Users/sivan/PycharmProjects/jumpServerHelper/jumpServerSync/views.py changed, reloading.
INFO 2020-10-27 23:09:14,405 autoreload 613 Watching for file changes with StatReloader
INFO 2020-10-27 23:09:14,495 views 10 程序启动完成，日志已成功激活。
INFO 2020-10-27 23:09:20,333 request_helper 97 招商云主机列表信息抓取完成，总数：897
INFO 2020-10-27 23:09:22,156 basehttp 157 "GET /index/ HTTP/1.1" 200 15430
INFO 2020-10-27 23:09:33,026 basehttp 157 "POST /index/data-update-way/ HTTP/1.1" 200 1
INFO 2020-10-27 23:09:34,419 request_helper 97 招商云主机列表信息抓取完成，总数：897
INFO 2020-10-27 23:09:51,474 autoreload 236 /Users/sivan/PycharmProjects/jumpServerHelper/jumpServerSync/views.py changed, reloading.
INFO 2020-10-27 23:12:45,405 autoreload 613 Watching for file changes with StatReloader
INFO 2020-10-27 23:12:45,492 views 10 程序启动完成，日志已成功激活。
INFO 2020-10-27 23:12:53,087 request_helper 97 招商云主机列表信息抓取完成，总数：897
INFO 2020-10-27 23:12:54,970 basehttp 157 "GET /index/ HTTP/1.1" 200 15430
INFO 2020-10-27 23:13:30,523 basehttp 157 "POST /index/data-update-way/ HTTP/1.1" 200 1
INFO 2020-10-27 23:13:31,997 request_helper 97 招商云主机列表信息抓取完成，总数：897
INFO 2020-10-27 23:15:34,090 autoreload 613 Watching for file changes with StatReloader
INFO 2020-10-27 23:15:34,174 views 10 程序启动完成，日志已成功激活。
INFO 2020-10-27 23:15:39,457 request_helper 97 招商云主机列表信息抓取完成，总数：897
INFO 2020-10-27 23:15:41,590 basehttp 157 "GET /index/ HTTP/1.1" 200 15430
INFO 2020-10-27 23:16:30,937 basehttp 157 "POST /index/data-update-way/ HTTP/1.1" 200 1
INFO 2020-10-27 23:16:32,273 request_helper 97 招商云主机列表信息抓取完成，总数：897
INFO 2020-10-27 23:20:20,536 autoreload 613 Watching for file changes with StatReloader
INFO 2020-10-27 23:20:20,625 views 10 程序启动完成，日志已成功激活。
INFO 2020-10-27 23:20:26,099 request_helper 97 招商云主机列表信息抓取完成，总数：897
INFO 2020-10-27 23:20:28,060 basehttp 157 "GET /index/ HTTP/1.1" 200 15430
INFO 2020-10-27 23:20:32,124 basehttp 157 "POST /index/data-update-way/ HTTP/1.1" 200 1
INFO 2020-10-27 23:20:33,478 request_helper 97 招商云主机列表信息抓取完成，总数：897
INFO 2020-10-27 23:21:17,522 request_helper 97 招商云主机列表信息抓取完成，总数：897
INFO 2020-10-27 23:21:19,305 basehttp 157 "GET /index/ HTTP/1.1" 200 15430
INFO 2020-10-27 23:21:42,888 basehttp 157 "POST /index/data-update-way/ HTTP/1.1" 200 1
INFO 2020-10-27 23:21:44,274 request_helper 97 招商云主机列表信息抓取完成，总数：897
INFO 2020-10-27 23:22:42,572 autoreload 236 /Users/sivan/PycharmProjects/jumpServerHelper/jumpServerSync/request_helper.py changed, reloading.
INFO 2020-10-27 23:22:54,384 autoreload 613 Watching for file changes with StatReloader
INFO 2020-10-27 23:22:54,469 views 10 程序启动完成，日志已成功激活。
INFO 2020-10-27 23:22:59,767 request_helper 97 招商云主机列表信息抓取完成，总数：897
INFO 2020-10-27 23:23:01,655 basehttp 157 "GET /index/ HTTP/1.1" 200 15430
INFO 2020-10-27 23:23:14,988 basehttp 157 "POST /index/data-update-way/ HTTP/1.1" 200 1
INFO 2020-10-27 23:23:16,291 request_helper 97 招商云主机列表信息抓取完成，总数：897
INFO 2020-10-27 23:25:25,484 autoreload 236 /Users/sivan/PycharmProjects/jumpServerHelper/jumpServerSync/request_helper.py changed, reloading.
INFO 2020-10-27 23:25:33,483 autoreload 613 Watching for file changes with StatReloader
INFO 2020-10-27 23:25:33,568 views 10 程序启动完成，日志已成功激活。
INFO 2020-10-27 23:25:39,089 request_helper 97 招商云主机列表信息抓取完成，总数：897
INFO 2020-10-27 23:25:40,924 basehttp 157 "GET /index/ HTTP/1.1" 200 15430
INFO 2020-10-27 23:25:54,965 basehttp 157 "POST /index/data-update-way/ HTTP/1.1" 200 1
INFO 2020-10-27 23:25:56,413 request_helper 97 招商云主机列表信息抓取完成，总数：897
INFO 2020-10-27 23:26:10,594 autoreload 236 /Users/sivan/PycharmProjects/jumpServerHelper/jumpServerSync/request_helper.py changed, reloading.
INFO 2020-10-27 23:26:15,083 autoreload 613 Watching for file changes with StatReloader
INFO 2020-10-27 23:26:15,172 views 10 程序启动完成，日志已成功激活。
INFO 2020-10-27 23:26:21,022 request_helper 97 招商云主机列表信息抓取完成，总数：897
INFO 2020-10-27 23:26:23,341 basehttp 157 "GET /index/ HTTP/1.1" 200 15430
INFO 2020-10-27 23:26:49,164 basehttp 157 "POST /index/data-update-way/ HTTP/1.1" 200 1
INFO 2020-10-27 23:26:50,542 request_helper 97 招商云主机列表信息抓取完成，总数：897
INFO 2020-10-27 23:27:13,511 autoreload 236 /Users/sivan/PycharmProjects/jumpServerHelper/jumpServerSync/request_helper.py changed, reloading.
INFO 2020-10-27 23:29:01,554 autoreload 613 Watching for file changes with StatReloader
INFO 2020-10-27 23:29:01,642 views 10 程序启动完成，日志已成功激活。
INFO 2020-10-27 23:29:07,489 request_helper 97 招商云主机列表信息抓取完成，总数：897
INFO 2020-10-27 23:29:09,322 basehttp 157 "GET /index/ HTTP/1.1" 200 15430
INFO 2020-10-27 23:29:24,393 basehttp 157 "POST /index/data-update-way/ HTTP/1.1" 200 1
INFO 2020-10-27 23:29:25,708 request_helper 97 招商云主机列表信息抓取完成，总数：897
INFO 2020-10-27 23:31:35,787 autoreload 236 /Users/sivan/PycharmProjects/jumpServerHelper/jumpServerSync/request_helper.py changed, reloading.
INFO 2020-10-27 23:31:45,220 autoreload 613 Watching for file changes with StatReloader
INFO 2020-10-27 23:31:45,307 views 10 程序启动完成，日志已成功激活。
INFO 2020-10-27 23:31:50,754 request_helper 97 招商云主机列表信息抓取完成，总数：897
INFO 2020-10-27 23:31:52,646 basehttp 157 "GET /index/ HTTP/1.1" 200 15430
INFO 2020-10-27 23:32:02,329 basehttp 157 "POST /index/data-update-way/ HTTP/1.1" 200 1
INFO 2020-10-27 23:32:03,687 request_helper 97 招商云主机列表信息抓取完成，总数：897
INFO 2020-10-27 23:32:32,466 autoreload 236 /Users/sivan/PycharmProjects/jumpServerHelper/jumpServerSync/request_helper.py changed, reloading.
INFO 2020-10-27 23:32:34,968 autoreload 613 Watching for file changes with StatReloader
INFO 2020-10-27 23:32:35,055 views 10 程序启动完成，日志已成功激活。
INFO 2020-10-27 23:32:39,953 autoreload 613 Watching for file changes with StatReloader
INFO 2020-10-27 23:32:40,038 views 10 程序启动完成，日志已成功激活。
INFO 2020-10-27 23:32:45,429 request_helper 97 招商云主机列表信息抓取完成，总数：897
INFO 2020-10-27 23:32:47,271 basehttp 157 "GET /index/ HTTP/1.1" 200 15430
INFO 2020-10-27 23:33:14,309 basehttp 157 "POST /index/data-update-way/ HTTP/1.1" 200 1
INFO 2020-10-27 23:33:15,710 request_helper 97 招商云主机列表信息抓取完成，总数：897
INFO 2020-10-27 23:34:20,333 autoreload 236 /Users/sivan/PycharmProjects/jumpServerHelper/jumpServerSync/views.py changed, reloading.
INFO 2020-10-27 23:34:26,448 autoreload 613 Watching for file changes with StatReloader
INFO 2020-10-27 23:34:26,535 views 10 程序启动完成，日志已成功激活。
INFO 2020-10-27 23:34:35,789 request_helper 97 招商云主机列表信息抓取完成，总数：897
INFO 2020-10-27 23:34:38,256 basehttp 157 "GET /index/ HTTP/1.1" 200 15430
INFO 2020-10-27 23:35:11,182 basehttp 157 "POST /index/data-update-way/ HTTP/1.1" 200 1
INFO 2020-10-27 23:35:12,901 request_helper 97 招商云主机列表信息抓取完成，总数：897
INFO 2020-10-27 23:38:10,048 basehttp 157 "POST /index/ HTTP/1.1" 200 15430
INFO 2020-10-27 23:39:07,797 basehttp 157 "POST /index/data-update-way/ HTTP/1.1" 200 1
INFO 2020-10-27 23:39:09,072 request_helper 97 招商云主机列表信息抓取完成，总数：897
INFO 2020-10-27 23:43:28,799 basehttp 157 "POST /index/ HTTP/1.1" 200 15430
INFO 2020-10-28 09:02:01,525 autoreload 613 Watching for file changes with StatReloader
INFO 2020-10-28 09:02:01,641 views 10 程序启动完成，日志已成功激活。
INFO 2020-10-28 09:02:16,276 basehttp 157 "GET /login/ HTTP/1.1" 200 5804
INFO 2020-10-28 09:02:16,309 basehttp 157 "GET /statics/css/style.css HTTP/1.1" 304 0
INFO 2020-10-28 09:02:16,315 basehttp 157 "GET /statics/img/eye_close.png HTTP/1.1" 304 0
INFO 2020-10-28 09:02:16,316 basehttp 157 "GET /statics/img/msg.png HTTP/1.1" 304 0
WARNING 2020-10-28 09:02:16,433 log 224 Not Found: /favicon.ico
WARNING 2020-10-28 09:02:16,434 basehttp 157 "GET /favicon.ico HTTP/1.1" 404 2914
INFO 2020-10-28 09:02:29,506 basehttp 157 "GET /logout/ HTTP/1.1" 302 0
INFO 2020-10-28 09:02:29,512 basehttp 157 "GET /login/ HTTP/1.1" 200 5804
INFO 2020-10-28 09:02:29,545 basehttp 157 "GET /statics/js/jquery.min.js HTTP/1.1" 304 0
INFO 2020-10-28 09:02:29,554 basehttp 157 "GET /statics/img/eye_close.png HTTP/1.1" 304 0
INFO 2020-10-28 09:02:29,554 basehttp 157 "GET /statics/img/msg.png HTTP/1.1" 304 0
INFO 2020-10-28 09:02:29,558 basehttp 157 "GET /statics/css/style.css HTTP/1.1" 200 4588
WARNING 2020-10-28 09:02:29,678 log 224 Not Found: /favicon.ico
WARNING 2020-10-28 09:02:29,679 basehttp 157 "GET /favicon.ico HTTP/1.1" 404 2919
INFO 2020-10-28 14:49:59,970 basehttp 157 "GET / HTTP/1.1" 302 0
INFO 2020-10-28 14:49:59,978 basehttp 157 "GET /login/ HTTP/1.1" 200 5804
INFO 2020-10-28 14:49:59,981 basehttp 157 "GET /statics/js/jquery.min.js HTTP/1.1" 304 0
INFO 2020-10-28 14:49:59,982 basehttp 157 "GET /statics/css/style.css HTTP/1.1" 200 4588
INFO 2020-10-28 14:49:59,991 basehttp 157 "GET /statics/img/eye_close.png HTTP/1.1" 200 5315
INFO 2020-10-28 14:49:59,991 basehttp 157 "GET /statics/img/msg.png HTTP/1.1" 200 4645
INFO 2020-10-28 14:50:00,640 basehttp 157 "GET /login/ HTTP/1.1" 200 5804
INFO 2020-10-28 14:50:00,788 basehttp 157 "GET / HTTP/1.1" 302 0
INFO 2020-10-28 14:50:00,797 basehttp 157 "GET /login/ HTTP/1.1" 200 5804
INFO 2020-10-28 14:50:02,017 basehttp 157 "GET / HTTP/1.1" 302 0
INFO 2020-10-28 14:50:02,026 basehttp 157 "GET /login/ HTTP/1.1" 200 5804
INFO 2020-10-28 14:50:02,036 basehttp 157 "GET /statics/css/style.css HTTP/1.1" 304 0
INFO 2020-10-28 14:50:02,042 basehttp 157 "GET /statics/img/eye_close.png HTTP/1.1" 304 0
INFO 2020-10-28 14:50:02,042 basehttp 157 "GET /statics/js/jquery.min.js HTTP/1.1" 304 0
INFO 2020-10-28 14:50:02,043 basehttp 157 "GET /statics/img/msg.png HTTP/1.1" 304 0
INFO 2020-10-28 14:52:50,393 basehttp 157 "GET / HTTP/1.1" 302 0
INFO 2020-10-28 14:52:50,400 basehttp 157 "GET /login/ HTTP/1.1" 200 5804
INFO 2020-10-28 14:52:50,548 basehttp 157 "GET /login/ HTTP/1.1" 200 5804
INFO 2020-10-28 14:52:50,711 basehttp 157 "GET / HTTP/1.1" 302 0
INFO 2020-10-28 14:52:50,718 basehttp 157 "GET /login/ HTTP/1.1" 200 5804
INFO 2020-10-28 14:52:55,072 basehttp 157 "GET / HTTP/1.1" 302 0
INFO 2020-10-28 14:52:55,080 basehttp 157 "GET /login/ HTTP/1.1" 200 5804
INFO 2020-10-28 22:48:34,289 basehttp 157 "GET /login/ HTTP/1.1" 200 5804
INFO 2020-10-28 22:48:34,324 basehttp 157 "GET /statics/css/style.css HTTP/1.1" 304 0
INFO 2020-10-28 22:48:34,332 basehttp 157 "GET /statics/img/eye_close.png HTTP/1.1" 304 0
INFO 2020-10-28 22:48:34,334 basehttp 157 "GET /statics/img/msg.png HTTP/1.1" 304 0
WARNING 2020-10-28 22:48:34,457 log 224 Not Found: /favicon.ico
WARNING 2020-10-28 22:48:34,458 basehttp 157 "GET /favicon.ico HTTP/1.1" 404 2919
INFO 2020-11-02 10:26:16,758 autoreload 613 Watching for file changes with StatReloader
INFO 2020-11-02 10:26:16,876 views 10 程序启动完成，日志已成功激活。
INFO 2020-11-02 10:26:21,975 basehttp 157 "GET /login/ HTTP/1.1" 200 5804
INFO 2020-11-02 10:26:22,021 basehttp 157 "GET /statics/css/style.css HTTP/1.1" 200 4588
INFO 2020-11-02 10:26:22,021 basehttp 157 "GET /statics/css/reset.css HTTP/1.1" 200 1489
INFO 2020-11-02 10:26:22,025 basehttp 157 "GET /statics/js/app.js HTTP/1.1" 200 2193
INFO 2020-11-02 10:26:22,026 basehttp 157 "GET /statics/js/particles.min.js HTTP/1.1" 200 23364
INFO 2020-11-02 10:26:22,028 basehttp 157 "GET /statics/img/name.png HTTP/1.1" 200 5107
INFO 2020-11-02 10:26:22,028 basehttp 157 "GET /statics/img/password.png HTTP/1.1" 200 3861
INFO 2020-11-02 10:26:22,032 basehttp 157 "GET /statics/js/jquery.min.js HTTP/1.1" 200 84349
INFO 2020-11-02 10:26:22,034 basehttp 157 "GET /statics/img/eye_close.png HTTP/1.1" 200 5315
INFO 2020-11-02 10:26:22,034 basehttp 157 "GET /statics/img/msg.png HTTP/1.1" 200 4645
INFO 2020-11-02 10:26:22,035 basehttp 157 "GET /statics/img/bg.jpg HTTP/1.1" 200 51002
WARNING 2020-11-02 10:26:22,204 log 224 Not Found: /favicon.ico
WARNING 2020-11-02 10:26:22,205 basehttp 157 "GET /favicon.ico HTTP/1.1" 404 2919
INFO 2020-11-02 10:26:25,240 basehttp 157 "GET /login/ HTTP/1.1" 200 5804
INFO 2020-11-02 10:26:55,188 autoreload 613 Watching for file changes with StatReloader
INFO 2020-11-02 10:26:55,273 views 10 程序启动完成，日志已成功激活。
INFO 2020-11-02 10:27:00,887 basehttp 157 "GET /login/ HTTP/1.1" 200 5804
INFO 2020-11-02 10:27:06,527 basehttp 157 "GET /login/ HTTP/1.1" 200 5804
INFO 2020-11-02 10:27:06,875 basehttp 157 "GET /login/ HTTP/1.1" 200 5804
INFO 2020-11-02 10:55:00,558 autoreload 613 Watching for file changes with StatReloader
INFO 2020-11-02 10:55:00,683 views 10 程序启动完成，日志已成功激活。
INFO 2020-11-02 10:55:21,296 basehttp 157 "GET /login/ HTTP/1.1" 200 5804
WARNING 2020-11-02 10:55:21,636 log 224 Not Found: /favicon.ico
WARNING 2020-11-02 10:55:21,637 basehttp 157 "GET /favicon.ico HTTP/1.1" 404 2919
INFO 2020-11-02 10:55:28,569 basehttp 157 "GET /login/ HTTP/1.1" 200 5804
INFO 2020-11-02 10:55:29,267 basehttp 157 "GET /login/ HTTP/1.1" 200 5804
INFO 2020-11-02 10:56:04,118 basehttp 157 "GET /login/ HTTP/1.1" 200 5804
INFO 2020-11-02 10:56:06,045 basehttp 157 "GET /login/ HTTP/1.1" 200 5804
INFO 2020-11-02 10:56:13,789 basehttp 157 "GET /login/ HTTP/1.1" 200 5804
INFO 2020-11-02 11:26:26,840 autoreload 613 Watching for file changes with StatReloader
INFO 2020-11-02 11:26:26,958 views 10 程序启动完成，日志已成功激活。
INFO 2020-11-02 11:26:33,332 basehttp 157 "GET /login/ HTTP/1.1" 200 5804
WARNING 2020-11-02 11:26:33,616 log 224 Not Found: /favicon.ico
WARNING 2020-11-02 11:26:33,616 basehttp 157 "GET /favicon.ico HTTP/1.1" 404 2919
INFO 2020-11-02 11:46:09,202 autoreload 613 Watching for file changes with StatReloader
INFO 2020-11-02 11:46:09,306 views 10 程序启动完成，日志已成功激活。
INFO 2020-11-02 11:46:20,679 basehttp 157 "GET /login/ HTTP/1.1" 200 5804
WARNING 2020-11-02 11:46:20,976 log 224 Not Found: /favicon.ico
WARNING 2020-11-02 11:46:20,977 basehttp 157 "GET /favicon.ico HTTP/1.1" 404 2919
INFO 2020-11-02 11:46:34,949 request_helper 54 招商云短信验证触发成功，已向用户发送短信验证码。
INFO 2020-11-02 11:46:34,949 basehttp 157 "POST /login_in/ HTTP/1.1" 200 1
INFO 2020-11-02 11:46:48,564 basehttp 157 "GET /statics/img/eye_open.png HTTP/1.1" 200 7265
INFO 2020-11-02 11:46:50,193 request_helper 72 招商云登录成功，已获取到登录成功后的token。
INFO 2020-11-02 11:46:50,386 request_helper 79 招商云登录成功，登录后的cookie已组装完成。
INFO 2020-11-02 11:46:50,397 basehttp 157 "POST /login/ HTTP/1.1" 302 0
INFO 2020-11-02 11:46:50,684 request_helper 97 招商云主机列表信息抓取完成，总数：916
INFO 2020-11-02 11:46:53,741 basehttp 157 "GET /index/ HTTP/1.1" 200 15430
INFO 2020-11-02 11:51:37,411 request_helper 97 招商云主机列表信息抓取完成，总数：916
INFO 2020-11-02 11:51:40,335 basehttp 157 "GET /index/ HTTP/1.1" 200 15543
INFO 2020-11-02 11:53:07,961 request_helper 97 招商云主机列表信息抓取完成，总数：916
INFO 2020-11-02 11:53:10,098 basehttp 157 "GET /index/ HTTP/1.1" 200 15543
INFO 2020-11-02 11:53:17,842 request_helper 97 招商云主机列表信息抓取完成，总数：916
INFO 2020-11-02 11:53:20,332 basehttp 157 "GET /index/ HTTP/1.1" 200 15543
INFO 2020-11-02 11:54:21,278 request_helper 97 招商云主机列表信息抓取完成，总数：916
INFO 2020-11-02 11:54:23,523 basehttp 157 "GET /index/ HTTP/1.1" 200 15543
INFO 2020-11-02 11:54:55,945 request_helper 97 招商云主机列表信息抓取完成，总数：916
INFO 2020-11-02 11:54:58,975 basehttp 157 "GET /index/ HTTP/1.1" 200 15539
INFO 2020-11-02 11:56:37,296 request_helper 97 招商云主机列表信息抓取完成，总数：916
INFO 2020-11-02 11:56:39,497 basehttp 157 "GET /index/ HTTP/1.1" 200 15556
INFO 2020-11-02 11:57:44,810 request_helper 97 招商云主机列表信息抓取完成，总数：916
INFO 2020-11-02 11:57:47,013 basehttp 157 "GET /index/ HTTP/1.1" 200 15563
INFO 2020-11-02 11:58:55,854 request_helper 97 招商云主机列表信息抓取完成，总数：916
INFO 2020-11-02 11:58:58,359 basehttp 157 "GET /index/ HTTP/1.1" 200 15584
INFO 2020-11-02 11:59:21,258 request_helper 97 招商云主机列表信息抓取完成，总数：916
INFO 2020-11-02 11:59:23,764 basehttp 157 "GET /index/ HTTP/1.1" 200 15586
INFO 2020-11-02 12:01:33,235 request_helper 97 招商云主机列表信息抓取完成，总数：916
INFO 2020-11-02 12:01:35,910 basehttp 157 "GET /index/ HTTP/1.1" 200 15409
INFO 2020-11-02 12:02:18,542 request_helper 97 招商云主机列表信息抓取完成，总数：916
INFO 2020-11-02 12:02:21,333 basehttp 157 "GET /index/ HTTP/1.1" 200 15431
INFO 2020-11-02 12:03:11,649 request_helper 97 招商云主机列表信息抓取完成，总数：916
INFO 2020-11-02 12:03:14,066 basehttp 157 "GET /index/ HTTP/1.1" 200 15451
INFO 2020-11-02 14:04:09,154 request_helper 97 招商云主机列表信息抓取完成，总数：916
INFO 2020-11-02 14:04:18,087 basehttp 157 "GET /index/ HTTP/1.1" 200 15430
INFO 2020-11-02 14:06:19,152 request_helper 97 招商云主机列表信息抓取完成，总数：916
INFO 2020-11-02 14:06:21,720 basehttp 157 "GET /index/ HTTP/1.1" 200 19570
INFO 2020-11-02 14:07:07,667 request_helper 97 招商云主机列表信息抓取完成，总数：916
INFO 2020-11-02 14:07:09,946 basehttp 157 "GET /index/ HTTP/1.1" 200 15552
INFO 2020-11-02 14:07:40,798 request_helper 97 招商云主机列表信息抓取完成，总数：916
INFO 2020-11-02 14:07:42,714 basehttp 157 "GET /index/ HTTP/1.1" 200 15537
INFO 2020-11-02 14:09:33,920 request_helper 97 招商云主机列表信息抓取完成，总数：916
INFO 2020-11-02 14:09:36,063 basehttp 157 "GET /index/ HTTP/1.1" 200 15550
INFO 2020-11-02 14:10:34,532 request_helper 97 招商云主机列表信息抓取完成，总数：916
INFO 2020-11-02 14:10:36,544 basehttp 157 "GET /index/ HTTP/1.1" 200 15662
INFO 2020-11-02 14:13:12,603 request_helper 97 招商云主机列表信息抓取完成，总数：916
INFO 2020-11-02 14:13:14,964 basehttp 157 "GET /index/ HTTP/1.1" 200 16588
INFO 2020-11-02 14:16:09,866 request_helper 97 招商云主机列表信息抓取完成，总数：916
INFO 2020-11-02 14:16:12,291 basehttp 157 "GET /index/ HTTP/1.1" 200 16886
INFO 2020-11-02 14:16:57,258 request_helper 97 招商云主机列表信息抓取完成，总数：916
INFO 2020-11-02 14:16:59,094 basehttp 157 "GET /index/ HTTP/1.1" 200 16890
INFO 2020-11-02 14:18:55,546 request_helper 97 招商云主机列表信息抓取完成，总数：916
INFO 2020-11-02 14:18:57,331 basehttp 157 "GET /index/ HTTP/1.1" 200 16891
INFO 2020-11-02 14:27:10,884 request_helper 97 招商云主机列表信息抓取完成，总数：916
INFO 2020-11-02 14:27:13,193 basehttp 157 "GET /index/ HTTP/1.1" 200 16979
INFO 2020-11-02 14:27:42,938 request_helper 97 招商云主机列表信息抓取完成，总数：916
INFO 2020-11-02 14:27:45,600 basehttp 157 "GET /index/ HTTP/1.1" 200 16979
INFO 2020-11-02 14:28:03,341 request_helper 97 招商云主机列表信息抓取完成，总数：916
INFO 2020-11-02 14:28:05,426 basehttp 157 "GET /index/ HTTP/1.1" 200 16979
INFO 2020-11-02 14:33:42,958 request_helper 97 招商云主机列表信息抓取完成，总数：916
INFO 2020-11-02 14:33:44,998 basehttp 157 "GET /index/ HTTP/1.1" 200 17230
INFO 2020-11-02 14:36:10,143 request_helper 97 招商云主机列表信息抓取完成，总数：916
INFO 2020-11-02 14:36:12,637 basehttp 157 "GET /index/ HTTP/1.1" 200 17018
INFO 2020-11-02 14:38:23,016 request_helper 97 招商云主机列表信息抓取完成，总数：916
INFO 2020-11-02 14:38:25,518 basehttp 157 "GET /index/ HTTP/1.1" 200 17009
INFO 2020-11-02 14:38:52,723 request_helper 97 招商云主机列表信息抓取完成，总数：916
INFO 2020-11-02 14:38:54,800 basehttp 157 "GET /index/ HTTP/1.1" 200 17108
INFO 2020-11-02 14:50:55,513 request_helper 97 招商云主机列表信息抓取完成，总数：916
INFO 2020-11-02 14:50:57,531 basehttp 157 "GET /index/ HTTP/1.1" 200 18087
INFO 2020-11-02 14:51:46,567 request_helper 97 招商云主机列表信息抓取完成，总数：916
INFO 2020-11-02 14:51:48,877 basehttp 157 "GET /index/ HTTP/1.1" 200 18159
INFO 2020-11-02 14:54:40,167 request_helper 97 招商云主机列表信息抓取完成，总数：916
INFO 2020-11-02 14:54:42,410 basehttp 157 "GET /index/ HTTP/1.1" 200 18738
INFO 2020-11-02 14:57:26,950 request_helper 97 招商云主机列表信息抓取完成，总数：916
INFO 2020-11-02 14:57:28,960 basehttp 157 "GET /index/ HTTP/1.1" 200 19334
INFO 2020-11-02 14:58:24,236 request_helper 97 招商云主机列表信息抓取完成，总数：916
INFO 2020-11-02 14:58:26,447 basehttp 157 "GET /index/ HTTP/1.1" 200 19382
INFO 2020-11-02 15:00:12,739 request_helper 97 招商云主机列表信息抓取完成，总数：916
INFO 2020-11-02 15:00:15,688 basehttp 157 "GET /index/ HTTP/1.1" 200 19448
INFO 2020-11-02 15:01:00,559 basehttp 157 "POST /index/data-update-way/ HTTP/1.1" 200 1
INFO 2020-11-02 15:01:03,808 request_helper 97 招商云主机列表信息抓取完成，总数：916
INFO 2020-11-02 15:01:28,385 basehttp 157 "POST /index/ HTTP/1.1" 200 19448
INFO 2020-11-02 15:06:21,796 autoreload 236 /Users/sivan/PycharmProjects/jumpServerHelper/jumpServerSync/request_helper.py changed, reloading.
INFO 2020-11-02 15:06:22,295 autoreload 613 Watching for file changes with StatReloader
INFO 2020-11-02 15:06:22,388 views 10 程序启动完成，日志已成功激活。
INFO 2020-11-02 15:06:56,000 autoreload 236 /Users/sivan/PycharmProjects/jumpServerHelper/jumpServerSync/request_helper.py changed, reloading.
INFO 2020-11-02 15:06:56,395 autoreload 613 Watching for file changes with StatReloader
INFO 2020-11-02 15:06:56,489 views 10 程序启动完成，日志已成功激活。
INFO 2020-11-02 15:07:09,842 autoreload 236 /Users/sivan/PycharmProjects/jumpServerHelper/jumpServerSync/request_helper.py changed, reloading.
INFO 2020-11-02 15:07:10,226 autoreload 613 Watching for file changes with StatReloader
INFO 2020-11-02 15:07:10,313 views 10 程序启动完成，日志已成功激活。
INFO 2020-11-02 15:08:01,151 autoreload 236 /Users/sivan/PycharmProjects/jumpServerHelper/jumpServerSync/request_helper.py changed, reloading.
INFO 2020-11-02 15:08:01,543 autoreload 613 Watching for file changes with StatReloader
INFO 2020-11-02 15:08:01,637 views 10 程序启动完成，日志已成功激活。
INFO 2020-11-02 15:08:06,888 autoreload 236 /Users/sivan/PycharmProjects/jumpServerHelper/jumpServerSync/request_helper.py changed, reloading.
INFO 2020-11-02 15:08:07,277 autoreload 613 Watching for file changes with StatReloader
INFO 2020-11-02 15:08:07,461 views 10 程序启动完成，日志已成功激活。
INFO 2020-11-02 15:09:07,422 autoreload 236 /Users/sivan/PycharmProjects/jumpServerHelper/jumpServerSync/request_helper.py changed, reloading.
INFO 2020-11-02 15:09:07,801 autoreload 613 Watching for file changes with StatReloader
INFO 2020-11-02 15:09:07,891 views 10 程序启动完成，日志已成功激活。
INFO 2020-11-02 15:10:15,910 autoreload 236 /Users/sivan/PycharmProjects/jumpServerHelper/jumpServerSync/request_helper.py changed, reloading.
INFO 2020-11-02 15:10:16,331 autoreload 613 Watching for file changes with StatReloader
INFO 2020-11-02 15:10:16,420 views 10 程序启动完成，日志已成功激活。
INFO 2020-11-02 15:10:56,071 autoreload 236 /Users/sivan/PycharmProjects/jumpServerHelper/jumpServerSync/request_helper.py changed, reloading.
INFO 2020-11-02 15:10:56,456 autoreload 613 Watching for file changes with StatReloader
INFO 2020-11-02 15:10:56,544 views 10 程序启动完成，日志已成功激活。
INFO 2020-11-02 15:11:05,846 autoreload 236 /Users/sivan/PycharmProjects/jumpServerHelper/jumpServerSync/request_helper.py changed, reloading.
INFO 2020-11-02 15:11:06,256 autoreload 613 Watching for file changes with StatReloader
INFO 2020-11-02 15:11:06,369 views 10 程序启动完成，日志已成功激活。
INFO 2020-11-02 15:11:17,708 autoreload 236 /Users/sivan/PycharmProjects/jumpServerHelper/jumpServerSync/request_helper.py changed, reloading.
INFO 2020-11-02 15:11:18,249 autoreload 613 Watching for file changes with StatReloader
INFO 2020-11-02 15:11:18,354 views 10 程序启动完成，日志已成功激活。
INFO 2020-11-02 15:11:37,816 autoreload 236 /Users/sivan/PycharmProjects/jumpServerHelper/jumpServerSync/request_helper.py changed, reloading.
INFO 2020-11-02 15:11:38,208 autoreload 613 Watching for file changes with StatReloader
INFO 2020-11-02 15:11:38,298 views 10 程序启动完成，日志已成功激活。
INFO 2020-11-02 15:11:48,604 autoreload 236 /Users/sivan/PycharmProjects/jumpServerHelper/jumpServerSync/request_helper.py changed, reloading.
INFO 2020-11-02 15:11:48,983 autoreload 613 Watching for file changes with StatReloader
INFO 2020-11-02 15:11:49,071 views 10 程序启动完成，日志已成功激活。
INFO 2020-11-02 15:12:03,483 basehttp 157 "POST /index/data-update-way/ HTTP/1.1" 200 1
INFO 2020-11-02 15:12:05,152 request_helper 97 招商云主机列表信息抓取完成，总数：916
INFO 2020-11-02 15:12:28,356 request_helper 278 JumpServer新建完成，IP信息：{'100.78.23.233', '100.78.23.232', '100.77.21.74', '100.78.23.231', '100.78.23.229', '100.77.20.137', '100.77.21.73', '100.78.23.228', '100.78.23.230'}
INFO 2020-11-02 15:12:28,356 request_helper 291 JumpServer删除完成，IP信息：set()
INFO 2020-11-02 15:12:28,364 basehttp 157 "POST /index/ HTTP/1.1" 200 19448
INFO 2020-11-02 15:14:27,779 autoreload 236 /Users/sivan/PycharmProjects/jumpServerHelper/jumpServerSync/request_helper.py changed, reloading.
INFO 2020-11-02 15:14:28,168 autoreload 613 Watching for file changes with StatReloader
INFO 2020-11-02 15:14:28,248 views 10 程序启动完成，日志已成功激活。
INFO 2020-11-02 15:14:50,753 autoreload 236 /Users/sivan/PycharmProjects/jumpServerHelper/jumpServerSync/request_helper.py changed, reloading.
INFO 2020-11-02 15:14:51,139 autoreload 613 Watching for file changes with StatReloader
INFO 2020-11-02 15:14:51,233 views 10 程序启动完成，日志已成功激活。
INFO 2020-11-02 15:15:16,491 autoreload 613 Watching for file changes with StatReloader
INFO 2020-11-02 15:15:16,579 views 10 程序启动完成，日志已成功激活。
INFO 2020-11-02 15:15:22,293 basehttp 157 "POST /index/data-update-way/ HTTP/1.1" 200 1
INFO 2020-11-02 15:15:23,802 request_helper 97 招商云主机列表信息抓取完成，总数：916
INFO 2020-11-02 15:15:41,101 request_helper 278 JumpServer新建完成，IP信息[0]：set()
INFO 2020-11-02 15:15:41,102 request_helper 291 JumpServer删除完成，IP信息[0]：set()
INFO 2020-11-02 15:15:41,110 basehttp 157 "POST /index/ HTTP/1.1" 200 19448
INFO 2020-11-02 15:15:49,095 basehttp 157 "POST /index/data-update-way/ HTTP/1.1" 200 1
INFO 2020-11-02 15:15:50,296 request_helper 97 招商云主机列表信息抓取完成，总数：916
INFO 2020-11-02 15:16:07,473 request_helper 278 JumpServer新建完成，IP信息[0]：set()
INFO 2020-11-02 15:16:07,473 request_helper 291 JumpServer删除完成，IP信息[0]：set()
INFO 2020-11-02 15:16:07,480 basehttp 157 "POST /index/ HTTP/1.1" 200 19448
INFO 2020-11-03 11:26:45,337 autoreload 613 Watching for file changes with StatReloader
INFO 2020-11-03 11:26:45,456 views 10 程序启动完成，日志已成功激活。
INFO 2020-11-03 11:26:53,571 basehttp 157 "GET /login/ HTTP/1.1" 200 5804
INFO 2020-11-03 11:26:53,608 basehttp 157 "GET /statics/css/style.css HTTP/1.1" 304 0
INFO 2020-11-03 11:26:53,618 basehttp 157 "GET /statics/img/eye_close.png HTTP/1.1" 304 0
INFO 2020-11-03 11:26:53,618 basehttp 157 "GET /statics/img/msg.png HTTP/1.1" 304 0
WARNING 2020-11-03 11:26:53,772 log 224 Not Found: /favicon.ico
WARNING 2020-11-03 11:26:53,773 basehttp 157 "GET /favicon.ico HTTP/1.1" 404 2919
INFO 2020-11-03 11:27:17,120 basehttp 157 "GET /login/ HTTP/1.1" 200 5804
INFO 2020-11-03 11:27:17,231 basehttp 157 "GET /statics/css/style.css HTTP/1.1" 200 4588
INFO 2020-11-03 11:27:17,287 basehttp 157 "GET /statics/img/password.png HTTP/1.1" 200 3861
INFO 2020-11-03 11:27:17,288 basehttp 157 "GET /statics/img/name.png HTTP/1.1" 200 5107
INFO 2020-11-03 11:27:17,288 basehttp 157 "GET /statics/img/eye_close.png HTTP/1.1" 200 5315
INFO 2020-11-03 11:27:17,289 basehttp 157 "GET /statics/js/particles.min.js HTTP/1.1" 200 23364
INFO 2020-11-03 11:27:17,295 basehttp 157 "GET /statics/img/msg.png HTTP/1.1" 200 4645
INFO 2020-11-03 11:27:17,349 basehttp 157 "GET /statics/js/app.js HTTP/1.1" 200 2193
INFO 2020-11-03 11:27:17,350 basehttp 157 "GET /statics/img/bg.jpg HTTP/1.1" 200 51002
INFO 2020-11-03 11:27:17,415 basehttp 157 "GET /statics/js/jquery.min.js HTTP/1.1" 200 84349
WARNING 2020-11-03 11:27:18,657 log 224 Not Found: /favicon.ico
WARNING 2020-11-03 11:27:18,657 basehttp 157 "GET /favicon.ico HTTP/1.1" 404 2919
INFO 2020-11-03 11:27:27,464 request_helper 54 招商云短信验证触发成功，已向用户发送短信验证码。
INFO 2020-11-03 11:27:27,465 basehttp 157 "POST /login_in/ HTTP/1.1" 200 1
INFO 2020-11-03 11:27:44,389 request_helper 72 招商云登录成功，已获取到登录成功后的token。
INFO 2020-11-03 11:27:44,503 request_helper 79 招商云登录成功，登录后的cookie已组装完成。
INFO 2020-11-03 11:27:44,516 basehttp 157 "POST /login/ HTTP/1.1" 302 0
INFO 2020-11-03 11:27:45,194 request_helper 97 招商云主机列表信息抓取完成，总数：932
INFO 2020-11-03 11:27:47,755 basehttp 157 "GET /index/ HTTP/1.1" 200 20017
INFO 2020-11-03 11:28:06,119 basehttp 157 "POST /index/data-update-way/ HTTP/1.1" 200 1
INFO 2020-11-03 11:28:18,132 basehttp 157 "POST /index/data-update-way/ HTTP/1.1" 200 1
INFO 2020-11-03 11:28:37,279 request_helper 97 招商云主机列表信息抓取完成，总数：932
INFO 2020-11-03 11:28:39,243 basehttp 157 "GET /index/ HTTP/1.1" 200 20017
INFO 2020-11-03 11:28:49,461 basehttp 157 "POST /index/data-update-way/ HTTP/1.1" 200 1
INFO 2020-11-03 11:28:50,954 request_helper 97 招商云主机列表信息抓取完成，总数：932
INFO 2020-11-03 11:29:12,160 request_helper 278 JumpServer新建完成，IP信息[8]：{'100.76.26.44', '100.76.26.48', '100.76.26.47', '100.76.26.45', '100.76.26.50', '100.76.26.49', '100.76.26.43', '100.76.26.46'}
INFO 2020-11-03 11:29:12,161 request_helper 291 JumpServer删除完成，IP信息[0]：set()
INFO 2020-11-03 11:29:12,170 basehttp 157 "POST /index/ HTTP/1.1" 200 20017
INFO 2020-11-03 11:29:21,362 basehttp 157 "POST /index/data-update-way/ HTTP/1.1" 200 1
INFO 2020-11-03 11:29:22,648 request_helper 97 招商云主机列表信息抓取完成，总数：932
INFO 2020-11-03 11:29:44,459 request_helper 278 JumpServer新建完成，IP信息[8]：{'100.78.23.238', '100.78.23.235', '100.78.23.239', '100.78.24.98', '100.78.23.237', '100.78.23.236', '100.78.23.234', '100.78.24.97'}
INFO 2020-11-03 11:29:44,460 request_helper 291 JumpServer删除完成，IP信息[0]：set()
INFO 2020-11-03 11:29:44,469 basehttp 157 "POST /index/ HTTP/1.1" 200 20017
INFO 2020-11-03 12:49:23,123 basehttp 157 "GET /login/ HTTP/1.1" 200 5804
INFO 2020-11-03 12:49:23,156 basehttp 157 "GET /statics/css/style.css HTTP/1.1" 200 4588
INFO 2020-11-03 12:49:23,160 basehttp 157 "GET /statics/css/reset.css HTTP/1.1" 200 1489
INFO 2020-11-03 12:49:23,161 basehttp 157 "GET /statics/img/name.png HTTP/1.1" 200 5107
INFO 2020-11-03 12:49:23,163 basehttp 157 "GET /statics/img/eye_close.png HTTP/1.1" 200 5315
INFO 2020-11-03 12:49:23,165 basehttp 157 "GET /statics/img/password.png HTTP/1.1" 200 3861
INFO 2020-11-03 12:49:23,167 basehttp 157 "GET /statics/js/app.js HTTP/1.1" 200 2193
INFO 2020-11-03 12:49:23,167 basehttp 157 "GET /statics/img/msg.png HTTP/1.1" 200 4645
INFO 2020-11-03 12:49:23,168 basehttp 157 "GET /statics/js/particles.min.js HTTP/1.1" 200 23364
INFO 2020-11-03 12:49:23,169 basehttp 157 "GET /statics/js/jquery.min.js HTTP/1.1" 200 84349
